<?xml version="1.0" encoding="UTF-8"?>
<!-- Generated by org.testng.reporters.JUnitXMLReporter -->
<testsuite ignored="0" hostname="Lenovo" failures="1" tests="2" name="Test" time="13.942" errors="0" timestamp="2025-03-22T13:47:55 IST">
  <testcase classname="Tests.FBLoginTest" name="testFacebookLogin" time="0.417">
    <failure type="java.lang.AssertionError" message="Login failed or homepage not displayed expected [true] but found [false]">
      <![CDATA[java.lang.AssertionError: Login failed or homepage not displayed expected [true] but found [false]
at Tests.FBLoginTest.testFacebookLogin(FBLoginTest.java:34)
at java.base/java.util.ArrayList.forEach(ArrayList.java:1511)
... Removed 30 stack frames]]>
    </failure>
  </testcase> <!-- testFacebookLogin -->
  <testcase classname="Tests.LoginPageTest" name="testValidLogin" time="1.717"/>
</testsuite> <!-- Test -->
